<?xml version="1.0" encoding="UTF-8"?>
<!-- Generated by org.testng.reporters.JUnitXMLReporter -->
<testsuite hostname="sagar" ignored="0" name="Default test" tests="3" failures="0" timestamp="2021-10-24T20:54:31 IST" time="44.328" errors="0">
  <testcase name="a_OpenBrowserAndAppURL" time="34.879" classname="testNgSamples.AccitimeSample"/>
  <testcase name="b_Login" time="2.357" classname="testNgSamples.AccitimeSample"/>
  <testcase name="d_Logout" time="6.989" classname="testNgSamples.AccitimeSample"/>
</testsuite> <!-- Default test -->
